<?xml version="1.0" encoding="UTF-8"?>
<testsuites>
  <testsuite name="deps_installation_proposal" timestamp="2023-04-03T14:32:12Z" hostname="563c84cff49e" tests="8" skipped="8" failures="0" errors="0" time="0.541">
    <testcase time="0.0839999999999999" classname="deps_installation_proposal" name="new_max_deps_installation_proposal_correctly_handles_standard_reference">
      <skipped message="Reason: No internet connection ('test-deps_installation_proposal.R:8:3')"/>
    </testcase>
    <testcase time="0.165" classname="deps_installation_proposal" name="new_release_deps_installation_proposal_correctly_handles_standard_reference">
      <skipped message="Reason: No internet connection ('test-deps_installation_proposal.R:36:3')"/>
    </testcase>
    <testcase time="0.0660000000000001" classname="deps_installation_proposal" name="new_min_deps_installation_proposal_correctly_handles_standard_reference">
      <skipped message="Reason: No internet connection ('test-deps_installation_proposal.R:64:3')"/>
    </testcase>
    <testcase time="0.054" classname="deps_installation_proposal" name="new_max_deps_installation_proposal_correctly_handles_org_repo_reference">
      <skipped message="Reason: No internet connection ('test-deps_installation_proposal.R:97:3')"/>
    </testcase>
    <testcase time="0.0439999999999998" classname="deps_installation_proposal" name="new_release_deps_installation_proposal_correctly_handles_org_repo_reference">
      <skipped message="Reason: No internet connection ('test-deps_installation_proposal.R:119:3')"/>
    </testcase>
    <testcase time="0.042" classname="deps_installation_proposal" name="new_min_deps_installation_proposal_correctly_handles_org_repo_reference">
      <skipped message="Reason: No internet connection ('test-deps_installation_proposal.R:146:3')"/>
    </testcase>
    <testcase time="0.0390000000000001" classname="deps_installation_proposal" name="new_min_deps_installation_proposal_correctly_handles_dependency_for_org_repo_reference">
      <skipped message="Reason: No internet connection ('test-deps_installation_proposal.R:171:3')"/>
    </testcase>
    <testcase time="0.0469999999999999" classname="deps_installation_proposal" name="new_min_deps_installation_proposal_correctly_handles_dependency_for_standard_reference">
      <skipped message="Reason: No internet connection ('test-deps_installation_proposal.R:200:3')"/>
    </testcase>
  </testsuite>
</testsuites>
