<?xml version="1.0" encoding="UTF-8"?>
<testsuites>
  <testsuite name="deps_installation_proposal" timestamp="2023-03-09T17:23:43Z" hostname="4c91ba23c108" tests="8" skipped="0" failures="0" errors="8" time="0.738">
    <testcase time="0.094" classname="deps_installation_proposal" name="new_max_deps_installation_proposal_works">
      <error type="error" message="Error in `get_user_cache_dir()`: R_USER_CACHE_DIR env var not set during package check, see https://github.com/r-lib/pkgcache#README ('test-deps_installation_proposal.R:9')">Error in `get_user_cache_dir()`: R_USER_CACHE_DIR env var not set during package check, see https://github.com/r-lib/pkgcache#README
Backtrace:
  1. verdepcheck::new_max_deps_installation_proposal(temp_path)
       at test-deps_installation_proposal.R:9:2
  2. pkgdepends::new_pkg_installation_proposal(...)
  3. pkg_installation_proposal$new(refs, config = config, ...)
  4. pkgdepends (local) initialize(...)
  5. pkg_plan$new(...)
  6. pkgdepends (local) initialize(...)
  7. pkgdepends:::pkgplan_init(...)
  8. pkgcache::cranlike_metadata_cache$new(...)
  9. pkgcache (local) initialize(...)
 10. pkgcache:::cmc_init(...)
 12. pkgcache:::get_user_cache_dir()</error>
    </testcase>
    <testcase time="0.274" classname="deps_installation_proposal" name="new_release_deps_installation_proposal_works">
      <error type="error" message="Error in `github_resolve_ref.github_release(meta$ref %||% ref, meta, host = host,  ('test-deps_installation_proposal.R:21')">Error in `github_resolve_ref.github_release(meta$ref %||% ref, meta, host = host, 
    auth_token = auth_token)`: Cannot find repo r-lib/pkgdepends.
HTTP error 401.
  Bad credentials

  Rate limit remaining: 58/60
  Rate limit reset at: 2023-03-09 17:57:34 UTC

  
Backtrace:
 1. verdepcheck::new_release_deps_installation_proposal(temp_path)
      at test-deps_installation_proposal.R:21:2
 2. base::vapply(...)
 3. verdepcheck (local) FUN(X[[i]], ...)
 4. remotes::github_remote(...)
 6. remotes:::github_resolve_ref.github_release(...)</error>
    </testcase>
    <testcase time="0.0599999999999998" classname="deps_installation_proposal" name="new_min_deps_installation_proposal_works">
      <error type="error" message="Error in `get_user_cache_dir()`: R_USER_CACHE_DIR env var not set during package check, see https://github.com/r-lib/pkgcache#README ('test-deps_installation_proposal.R:33')">Error in `get_user_cache_dir()`: R_USER_CACHE_DIR env var not set during package check, see https://github.com/r-lib/pkgcache#README
Backtrace:
  1. verdepcheck::new_min_deps_installation_proposal(temp_path)
       at test-deps_installation_proposal.R:33:2
  2. pkgdepends::new_pkg_deps(refs = path, config = config, policy = "lazy")
  3. pkg_deps$new(refs, ...)
  4. pkgdepends (local) initialize(...)
  5. pkg_plan$new(refs, config, library = private$library, remote_types)
  6. pkgdepends (local) initialize(...)
  7. pkgdepends:::pkgplan_init(...)
  8. pkgcache::cranlike_metadata_cache$new(...)
  9. pkgcache (local) initialize(...)
 10. pkgcache:::cmc_init(...)
 12. pkgcache:::get_user_cache_dir()</error>
    </testcase>
    <testcase time="0.0640000000000001" classname="deps_installation_proposal" name="new_max_deps_installation_proposal_correctly_handles_org_repo_reference">
      <error type="error" message="Error in `get_user_cache_dir()`: R_USER_CACHE_DIR env var not set during package check, see https://github.com/r-lib/pkgcache#README ('test-deps_installation_proposal.R:53')">Error in `get_user_cache_dir()`: R_USER_CACHE_DIR env var not set during package check, see https://github.com/r-lib/pkgcache#README
Backtrace:
  1. verdepcheck::new_max_deps_installation_proposal(temp_path)
       at test-deps_installation_proposal.R:53:2
  2. pkgdepends::new_pkg_installation_proposal(...)
  3. pkg_installation_proposal$new(refs, config = config, ...)
  4. pkgdepends (local) initialize(...)
  5. pkg_plan$new(...)
  6. pkgdepends (local) initialize(...)
  7. pkgdepends:::pkgplan_init(...)
  8. pkgcache::cranlike_metadata_cache$new(...)
  9. pkgcache (local) initialize(...)
 10. pkgcache:::cmc_init(...)
 12. pkgcache:::get_user_cache_dir()</error>
    </testcase>
    <testcase time="0.104" classname="deps_installation_proposal" name="new_release_deps_installation_proposal_correctly_handles_org_repo_reference">
      <error type="error" message="Error in `github_resolve_ref.github_release(meta$ref %||% ref, meta, host = host,  ('test-deps_installation_proposal.R:79')">Error in `github_resolve_ref.github_release(meta$ref %||% ref, meta, host = host, 
    auth_token = auth_token)`: Cannot find repo r-lib/pkgdepends.
HTTP error 401.
  Bad credentials

  Rate limit remaining: 57/60
  Rate limit reset at: 2023-03-09 17:57:34 UTC

  
Backtrace:
 1. verdepcheck::new_release_deps_installation_proposal(temp_path)
      at test-deps_installation_proposal.R:79:2
 2. base::vapply(...)
 3. verdepcheck (local) FUN(X[[i]], ...)
 4. remotes::github_remote(...)
 6. remotes:::github_resolve_ref.github_release(...)</error>
    </testcase>
    <testcase time="0.048" classname="deps_installation_proposal" name="new_min_deps_installation_proposal_correctly_handles_org_repo_reference">
      <error type="error" message="Error in `get_user_cache_dir()`: R_USER_CACHE_DIR env var not set during package check, see https://github.com/r-lib/pkgcache#README ('test-deps_installation_proposal.R:105')">Error in `get_user_cache_dir()`: R_USER_CACHE_DIR env var not set during package check, see https://github.com/r-lib/pkgcache#README
Backtrace:
  1. verdepcheck::new_min_deps_installation_proposal(temp_path)
       at test-deps_installation_proposal.R:105:2
  2. pkgdepends::new_pkg_deps(refs = path, config = config, policy = "lazy")
  3. pkg_deps$new(refs, ...)
  4. pkgdepends (local) initialize(...)
  5. pkg_plan$new(refs, config, library = private$library, remote_types)
  6. pkgdepends (local) initialize(...)
  7. pkgdepends:::pkgplan_init(...)
  8. pkgcache::cranlike_metadata_cache$new(...)
  9. pkgcache (local) initialize(...)
 10. pkgcache:::cmc_init(...)
 12. pkgcache:::get_user_cache_dir()</error>
    </testcase>
    <testcase time="0.0469999999999999" classname="deps_installation_proposal" name="new_min_deps_installation_proposal_correctly_handles_dependency_for_org_repo_reference">
      <error type="error" message="Error in `get_user_cache_dir()`: R_USER_CACHE_DIR env var not set during package check, see https://github.com/r-lib/pkgcache#README ('test-deps_installation_proposal.R:131')">Error in `get_user_cache_dir()`: R_USER_CACHE_DIR env var not set during package check, see https://github.com/r-lib/pkgcache#README
Backtrace:
  1. verdepcheck::new_min_deps_installation_proposal(temp_path)
       at test-deps_installation_proposal.R:131:2
  2. pkgdepends::new_pkg_deps(refs = path, config = config, policy = "lazy")
  3. pkg_deps$new(refs, ...)
  4. pkgdepends (local) initialize(...)
  5. pkg_plan$new(refs, config, library = private$library, remote_types)
  6. pkgdepends (local) initialize(...)
  7. pkgdepends:::pkgplan_init(...)
  8. pkgcache::cranlike_metadata_cache$new(...)
  9. pkgcache (local) initialize(...)
 10. pkgcache:::cmc_init(...)
 12. pkgcache:::get_user_cache_dir()</error>
    </testcase>
    <testcase time="0.0469999999999999" classname="deps_installation_proposal" name="new_min_deps_installation_proposal_correctly_handles_dependency_for_standard_reference">
      <error type="error" message="Error in `get_user_cache_dir()`: R_USER_CACHE_DIR env var not set during package check, see https://github.com/r-lib/pkgcache#README ('test-deps_installation_proposal.R:156')">Error in `get_user_cache_dir()`: R_USER_CACHE_DIR env var not set during package check, see https://github.com/r-lib/pkgcache#README
Backtrace:
  1. verdepcheck::new_min_deps_installation_proposal(temp_path)
       at test-deps_installation_proposal.R:156:2
  2. pkgdepends::new_pkg_deps(refs = path, config = config, policy = "lazy")
  3. pkg_deps$new(refs, ...)
  4. pkgdepends (local) initialize(...)
  5. pkg_plan$new(refs, config, library = private$library, remote_types)
  6. pkgdepends (local) initialize(...)
  7. pkgdepends:::pkgplan_init(...)
  8. pkgcache::cranlike_metadata_cache$new(...)
  9. pkgcache (local) initialize(...)
 10. pkgcache:::cmc_init(...)
 12. pkgcache:::get_user_cache_dir()</error>
    </testcase>
  </testsuite>
</testsuites>
