<?xml version="1.0" encoding="UTF-8"?>
<testsuites>
  <testsuite name="deps_installation_proposal" timestamp="2023-03-23T17:22:25Z" hostname="2adb026fa2a3" tests="8" skipped="8" failures="0" errors="0" time="0.263">
    <testcase time="0.035" classname="deps_installation_proposal" name="new_max_deps_installation_proposal_correctly_handles_standard_reference">
      <skipped message="Reason: Not run with empty GH token ('test-deps_installation_proposal.R:9:3')"/>
    </testcase>
    <testcase time="0.0659999999999999" classname="deps_installation_proposal" name="new_release_deps_installation_proposal_correctly_handles_standard_reference">
      <skipped message="Reason: Not run with empty GH token ('test-deps_installation_proposal.R:36:3')"/>
    </testcase>
    <testcase time="0.041" classname="deps_installation_proposal" name="new_min_deps_installation_proposal_correctly_handles_standard_reference">
      <skipped message="Reason: Not run with empty GH token ('test-deps_installation_proposal.R:63:3')"/>
    </testcase>
    <testcase time="0.03" classname="deps_installation_proposal" name="new_max_deps_installation_proposal_correctly_handles_org_repo_reference">
      <skipped message="Reason: Not run with empty GH token ('test-deps_installation_proposal.R:96:3')"/>
    </testcase>
    <testcase time="0.021" classname="deps_installation_proposal" name="new_release_deps_installation_proposal_correctly_handles_org_repo_reference">
      <skipped message="Reason: Not run with empty GH token ('test-deps_installation_proposal.R:118:3')"/>
    </testcase>
    <testcase time="0.022" classname="deps_installation_proposal" name="new_min_deps_installation_proposal_correctly_handles_org_repo_reference">
      <skipped message="Reason: Not run with empty GH token ('test-deps_installation_proposal.R:144:3')"/>
    </testcase>
    <testcase time="0.0249999999999999" classname="deps_installation_proposal" name="new_min_deps_installation_proposal_correctly_handles_dependency_for_org_repo_reference">
      <skipped message="Reason: Not run with empty GH token ('test-deps_installation_proposal.R:169:3')"/>
    </testcase>
    <testcase time="0.023" classname="deps_installation_proposal" name="new_min_deps_installation_proposal_correctly_handles_dependency_for_standard_reference">
      <skipped message="Reason: Not run with empty GH token ('test-deps_installation_proposal.R:198:3')"/>
    </testcase>
  </testsuite>
</testsuites>
