<?xml version="1.0" encoding="UTF-8"?>
<testsuites>
  <testsuite name="deps_installation_proposal" timestamp="2023-08-01T15:55:44Z" hostname="f90e898b4a7d" tests="17" skipped="17" failures="0" errors="0" time="0.904">
    <testcase time="0.0659999999999999" classname="deps_installation_proposal" name="new_max_deps_installation_proposal_correctly_handles_standard_reference">
      <skipped message="Reason: No internet connection ('test-deps_installation_proposal.R:2:3')"/>
    </testcase>
    <testcase time="0.165" classname="deps_installation_proposal" name="new_release_deps_installation_proposal_correctly_handles_standard_reference">
      <skipped message="Reason: No internet connection ('test-deps_installation_proposal.R:13:3')"/>
    </testcase>
    <testcase time="0.0680000000000001" classname="deps_installation_proposal" name="new_min_isolated_installation_proposal_correctly_handles_standard_reference">
      <skipped message="Reason: No internet connection ('test-deps_installation_proposal.R:24:3')"/>
    </testcase>
    <testcase time="0.0409999999999999" classname="deps_installation_proposal" name="new_min_cohort_deps_installation_proposal_correctly_handles_standard_reference">
      <skipped message="Reason: No internet connection ('test-deps_installation_proposal.R:35:3')"/>
    </testcase>
    <testcase time="0.044" classname="deps_installation_proposal" name="new_max_deps_installation_proposal_correctly_handles_org_repo_reference">
      <skipped message="Reason: No internet connection ('test-deps_installation_proposal.R:60:3')"/>
    </testcase>
    <testcase time="0.042" classname="deps_installation_proposal" name="new_max_deps_installation_proposal_correctly_handles_org_repo_release_reference">
      <skipped message="Reason: No internet connection ('test-deps_installation_proposal.R:76:3')"/>
    </testcase>
    <testcase time="0.0419999999999998" classname="deps_installation_proposal" name="new_max_deps_installation_proposal_correctly_handles_org_repo_tag_ref._particular_remote_tag_">
      <skipped message="Reason: No internet connection ('test-deps_installation_proposal.R:92:3')"/>
    </testcase>
    <testcase time="0.046" classname="deps_installation_proposal" name="new_max_deps_installation_proposal_correctly_handles_org_repo_ref._without_Config_Need_verdpcheck_">
      <skipped message="Reason: No internet connection ('test-deps_installation_proposal.R:108:3')"/>
    </testcase>
    <testcase time="0.0470000000000002" classname="deps_installation_proposal" name="new_release_deps_installation_proposal_correctly_handles_org_repo_reference">
      <skipped message="Reason: No internet connection ('test-deps_installation_proposal.R:120:3')"/>
    </testcase>
    <testcase time="0.0389999999999999" classname="deps_installation_proposal" name="new_min_cohort_deps_installation_proposal_correctly_handles_org_repo_reference">
      <skipped message="Reason: No internet connection ('test-deps_installation_proposal.R:132:3')"/>
    </testcase>
    <testcase time="0.042" classname="deps_installation_proposal" name="new_min_deps_installation_proposal_correctly_handles_org_repo_reference">
      <skipped message="Reason: No internet connection ('test-deps_installation_proposal.R:147:3')"/>
    </testcase>
    <testcase time="0.05" classname="deps_installation_proposal" name="new_min_isolated_deps_installation_proposal_correctly_handles_dependency_for_org_repo_ref.">
      <skipped message="Reason: No internet connection ('test-deps_installation_proposal.R:177:3')"/>
    </testcase>
    <testcase time="0.0399999999999998" classname="deps_installation_proposal" name="new_min_isolated_deps_installation_proposal_correctly_handles_dependency_for_standard_reference">
      <skipped message="Reason: No internet connection ('test-deps_installation_proposal.R:188:3')"/>
    </testcase>
    <testcase time="0.0410000000000001" classname="deps_installation_proposal" name="new_min_cohort_deps_installation_proposal_correctly_handles_dependency_for_org_repo_reference">
      <skipped message="Reason: No internet connection ('test-deps_installation_proposal.R:199:3')"/>
    </testcase>
    <testcase time="0.0489999999999999" classname="deps_installation_proposal" name="new_min_cohort_deps_installation_proposal_correctly_handles_dependency_for_standard_reference">
      <skipped message="Reason: No internet connection ('test-deps_installation_proposal.R:210:3')"/>
    </testcase>
    <testcase time="0.042" classname="deps_installation_proposal" name="new_min_isolated_deps_installation_proposal_correctly_handles_tern_and_rtables">
      <skipped message="Reason: No internet connection ('test-deps_installation_proposal.R:221:3')"/>
    </testcase>
    <testcase time="0.04" classname="deps_installation_proposal" name="new_min_isolated_deps_installation_proposal_correctly_resolves_a_different_version_from_specifications">
      <skipped message="Reason: No internet connection ('test-deps_installation_proposal.R:250:3')"/>
    </testcase>
  </testsuite>
  <testsuite name="desc_utils" timestamp="2023-08-01T15:55:45Z" hostname="f90e898b4a7d" tests="16" skipped="0" failures="0" errors="0" time="0.186">
    <testcase time="0.0549999999999999" classname="desc_utils" name="filter_valid_version_will_filter_for_valid_versions"/>
    <testcase time="0.0069999999999999" classname="desc_utils" name="filter_valid_version_will_filter_for_valid_versions"/>
    <testcase time="0.00600000000000001" classname="desc_utils" name="filter_valid_version_will_filter_for_valid_versions"/>
    <testcase time="0.00600000000000001" classname="desc_utils" name="filter_valid_version_will_filter_for_valid_versions"/>
    <testcase time="0.00700000000000012" classname="desc_utils" name="filter_valid_version_will_filter_for_valid_versions"/>
    <testcase time="0.0069999999999999" classname="desc_utils" name="filter_valid_version_will_filter_for_valid_versions"/>
    <testcase time="0.00600000000000001" classname="desc_utils" name="filter_valid_version_will_filter_for_valid_versions"/>
    <testcase time="0.00700000000000012" classname="desc_utils" name="filter_valid_version_will_filter_for_valid_versions"/>
    <testcase time="0.0069999999999999" classname="desc_utils" name="filter_valid_version_will_filter_for_valid_versions"/>
    <testcase time="0.00700000000000012" classname="desc_utils" name="filter_valid_version_will_filter_for_valid_versions"/>
    <testcase time="0.0150000000000001" classname="desc_utils" name="check_valid_version_will_return_vector_of_logicals"/>
    <testcase time="0.00599999999999978" classname="desc_utils" name="check_valid_version_will_return_vector_of_logicals"/>
    <testcase time="0.0110000000000001" classname="desc_utils" name="check_valid_version_will_return_vector_of_logicals"/>
    <testcase time="0.0209999999999999" classname="desc_utils" name="check_valid_version_will_return_vector_of_logicals"/>
    <testcase time="0.0089999999999999" classname="desc_utils" name="check_valid_version_will_return_vector_of_logicals"/>
    <testcase time="0.0089999999999999" classname="desc_utils" name="check_valid_version_will_return_vector_of_logicals"/>
  </testsuite>
  <testsuite name="get_ref" timestamp="2023-08-01T15:55:45Z" hostname="f90e898b4a7d" tests="4" skipped="3" failures="0" errors="0" time="11.736">
    <testcase time="0.0460000000000003" classname="get_ref" name="get_release_date.remote_ref_github_will_only_retrieve_1_date_for_teal_v0.10.0">
      <skipped message="Reason: No internet connection ('test-get_ref.R:2:3')"/>
    </testcase>
    <testcase time="0.0470000000000002" classname="get_ref" name="get_release_date.remote_ref_github_will_only_retrieve_1_date_for_rlang_1.0.0">
      <skipped message="Reason: No internet connection ('test-get_ref.R:14:3')"/>
    </testcase>
    <testcase time="0.0389999999999997" classname="get_ref" name="get_release_date.remote_ref_github_will_only_retrieve_1_date_for_rlang_0.0.0">
      <skipped message="Reason: No internet connection ('test-get_ref.R:26:3')"/>
    </testcase>
    <testcase time="11.604" classname="get_ref" name="get_cran_data_returns_date_for_Bioconductor"/>
  </testsuite>
  <testsuite name="utils" timestamp="2023-08-01T15:55:57Z" hostname="f90e898b4a7d" tests="26" skipped="0" failures="0" errors="0" time="0.366">
    <testcase time="0.0329999999999995" classname="utils" name="local_description_will_create_a_valid_DESCRIPTION_file"/>
    <testcase time="0.00699999999999967" classname="utils" name="local_description_will_create_a_valid_DESCRIPTION_file"/>
    <testcase time="0.00700000000000145" classname="utils" name="local_description_will_create_a_valid_DESCRIPTION_file"/>
    <testcase time="0.00599999999999845" classname="utils" name="local_description_will_create_a_valid_DESCRIPTION_file"/>
    <testcase time="0.00500000000000078" classname="utils" name="local_description_will_create_a_valid_DESCRIPTION_file"/>
    <testcase time="0.0299999999999994" classname="utils" name="local_description_will_create_a_valid_DESCRIPTION_file_with_Remotes"/>
    <testcase time="0.00700000000000145" classname="utils" name="local_description_will_create_a_valid_DESCRIPTION_file_with_Remotes"/>
    <testcase time="0.00699999999999967" classname="utils" name="local_description_will_create_a_valid_DESCRIPTION_file_with_Remotes"/>
    <testcase time="0.00499999999999901" classname="utils" name="local_description_will_create_a_valid_DESCRIPTION_file_with_Remotes"/>
    <testcase time="0.00600000000000023" classname="utils" name="local_description_will_create_a_valid_DESCRIPTION_file_with_Remotes"/>
    <testcase time="0.00900000000000034" classname="utils" name="local_description_will_create_a_valid_DESCRIPTION_file_with_Remotes"/>
    <testcase time="0.0169999999999995" classname="utils" name="local_description_will_create_a_valid_DESCRIPTION_file_with_Remotes"/>
    <testcase time="0.00599999999999845" classname="utils" name="local_description_will_create_a_valid_DESCRIPTION_file_with_Remotes"/>
    <testcase time="0.00200000000000067" classname="utils" name="local_description_will_create_a_valid_DESCRIPTION_file_with_Remotes"/>
    <testcase time="0.133000000000001" classname="utils" name="local_description_will_create_a_valid_DESCRIPTION_file_with_Config_Need_verdepcheck"/>
    <testcase time="0.00699999999999967" classname="utils" name="local_description_will_create_a_valid_DESCRIPTION_file_with_Config_Need_verdepcheck"/>
    <testcase time="0.00699999999999967" classname="utils" name="local_description_will_create_a_valid_DESCRIPTION_file_with_Config_Need_verdepcheck"/>
    <testcase time="0.00499999999999901" classname="utils" name="local_description_will_create_a_valid_DESCRIPTION_file_with_Config_Need_verdepcheck"/>
    <testcase time="0.00600000000000023" classname="utils" name="local_description_will_create_a_valid_DESCRIPTION_file_with_Config_Need_verdepcheck"/>
    <testcase time="0.00600000000000023" classname="utils" name="local_description_will_create_a_valid_DESCRIPTION_file_with_Config_Need_verdepcheck"/>
    <testcase time="0.0080000000000009" classname="utils" name="local_description_will_create_a_valid_DESCRIPTION_file_with_Config_Need_verdepcheck"/>
    <testcase time="0.00600000000000023" classname="utils" name="local_description_will_create_a_valid_DESCRIPTION_file_with_Config_Need_verdepcheck"/>
    <testcase time="0.00199999999999889" classname="utils" name="local_description_will_create_a_valid_DESCRIPTION_file_with_Config_Need_verdepcheck"/>
    <testcase time="0.0229999999999997" classname="utils" name="local_description_will_create_a_temporary_file"/>
    <testcase time="0.011000000000001" classname="utils" name="local_description_will_create_a_temporary_file"/>
    <testcase time="0.00499999999999901" classname="utils" name="local_description_will_create_a_temporary_file"/>
  </testsuite>
</testsuites>
