<?xml version="1.0" encoding="UTF-8"?>
<testsuites>
  <testsuite name="deps_installation_proposal" timestamp="2024-05-23T13:09:17Z" hostname="aa8d1bd87c86" tests="21" skipped="21" failures="0" errors="0" time="0.655">
    <testcase time="0.055" classname="deps_installation_proposal" name="new_max_deps_installation_proposal_correctly_handles_standard_reference">
      <skipped message="Reason: No internet connection ('test-deps_installation_proposal.R:2:3')"/>
    </testcase>
    <testcase time="0.09" classname="deps_installation_proposal" name="new_release_deps_installation_proposal_correctly_handles_standard_reference">
      <skipped message="Reason: No internet connection ('test-deps_installation_proposal.R:13:3')"/>
    </testcase>
    <testcase time="0.037" classname="deps_installation_proposal" name="new_min_isolated_installation_proposal_correctly_handles_standard_reference">
      <skipped message="Reason: No internet connection ('test-deps_installation_proposal.R:24:3')"/>
    </testcase>
    <testcase time="0.029" classname="deps_installation_proposal" name="new_min_cohort_deps_installation_proposal_correctly_handles_standard_reference">
      <skipped message="Reason: No internet connection ('test-deps_installation_proposal.R:35:3')"/>
    </testcase>
    <testcase time="0.025" classname="deps_installation_proposal" name="new_max_deps_installation_proposal_correctly_handles_org_repo_reference">
      <skipped message="Reason: No internet connection ('test-deps_installation_proposal.R:60:3')"/>
    </testcase>
    <testcase time="0.0249999999999999" classname="deps_installation_proposal" name="new_max_deps_installation_proposal_correctly_handles_org_repo_release_reference">
      <skipped message="Reason: No internet connection ('test-deps_installation_proposal.R:76:3')"/>
    </testcase>
    <testcase time="0.028" classname="deps_installation_proposal" name="new_max_deps_installation_proposal_correctly_handles_org_repo_tag_ref._particular_remote_tag_">
      <skipped message="Reason: No internet connection ('test-deps_installation_proposal.R:92:3')"/>
    </testcase>
    <testcase time="0.026" classname="deps_installation_proposal" name="new_max_deps_installation_proposal_correctly_handles_org_repo_ref._without_Config_Need_verdpcheck_">
      <skipped message="Reason: No internet connection ('test-deps_installation_proposal.R:108:3')"/>
    </testcase>
    <testcase time="0.025" classname="deps_installation_proposal" name="new_release_deps_installation_proposal_correctly_handles_org_repo_reference">
      <skipped message="Reason: No internet connection ('test-deps_installation_proposal.R:120:3')"/>
    </testcase>
    <testcase time="0.025" classname="deps_installation_proposal" name="new_min_cohort_deps_installation_proposal_correctly_handles_org_repo_reference">
      <skipped message="Reason: No internet connection ('test-deps_installation_proposal.R:132:3')"/>
    </testcase>
    <testcase time="0.0279999999999999" classname="deps_installation_proposal" name="new_min_deps_installation_proposal_correctly_handles_org_repo_reference">
      <skipped message="Reason: No internet connection ('test-deps_installation_proposal.R:144:3')"/>
    </testcase>
    <testcase time="0.025" classname="deps_installation_proposal" name="new_min_isolated_deps_installation_proposal_correctly_handles_dependency_for_org_repo_ref.">
      <skipped message="Reason: No internet connection ('test-deps_installation_proposal.R:175:3')"/>
    </testcase>
    <testcase time="0.0250000000000001" classname="deps_installation_proposal" name="new_min_isolated_deps_installation_proposal_correctly_handles_dependency_for_standard_reference">
      <skipped message="Reason: No internet connection ('test-deps_installation_proposal.R:186:3')"/>
    </testcase>
    <testcase time="0.0279999999999998" classname="deps_installation_proposal" name="new_min_cohort_deps_installation_proposal_correctly_handles_dependency_for_org_repo_reference">
      <skipped message="Reason: No internet connection ('test-deps_installation_proposal.R:197:3')"/>
    </testcase>
    <testcase time="0.026" classname="deps_installation_proposal" name="new_min_cohort_deps_installation_proposal_correctly_handles_dependency_for_standard_reference">
      <skipped message="Reason: No internet connection ('test-deps_installation_proposal.R:208:3')"/>
    </testcase>
    <testcase time="0.0250000000000001" classname="deps_installation_proposal" name="new_min_isolated_deps_installation_proposal_correctly_handles_tern_and_rtables">
      <skipped message="Reason: No internet connection ('test-deps_installation_proposal.R:219:3')"/>
    </testcase>
    <testcase time="0.0249999999999999" classname="deps_installation_proposal" name="new_min_isolated_deps_installation_proposal_correctly_resolves_a_different_version_from_specifications">
      <skipped message="Reason: No internet connection ('test-deps_installation_proposal.R:248:3')"/>
    </testcase>
    <testcase time="0.0289999999999999" classname="deps_installation_proposal" name="new_min_cohort_deps_installation_proposal_correctly_handles_Bioc_package">
      <skipped message="Reason: No internet connection ('test-deps_installation_proposal.R:287:3')"/>
    </testcase>
    <testcase time="0.0250000000000001" classname="deps_installation_proposal" name="new_min_isolated_deps_installation_proposal_correctly_handles_Bioc_package">
      <skipped message="Reason: No internet connection ('test-deps_installation_proposal.R:300:3')"/>
    </testcase>
    <testcase time="0.0249999999999999" classname="deps_installation_proposal" name="new_release_deps_installation_proposal_correctly_handles_Bioc_package">
      <skipped message="Reason: No internet connection ('test-deps_installation_proposal.R:313:3')"/>
    </testcase>
    <testcase time="0.0290000000000001" classname="deps_installation_proposal" name="new_max_deps_installation_proposal_correctly_handles_Bioc_package">
      <skipped message="Reason: No internet connection ('test-deps_installation_proposal.R:326:3')"/>
    </testcase>
  </testsuite>
  <testsuite name="desc_utils" timestamp="2024-05-23T13:09:18Z" hostname="aa8d1bd87c86" tests="35" skipped="0" failures="0" errors="0" time="0.25">
    <testcase time="0.0289999999999999" classname="desc_utils" name="filter_valid_version_will_filter_for_valid_versions"/>
    <testcase time="0.00300000000000011" classname="desc_utils" name="filter_valid_version_will_filter_for_valid_versions"/>
    <testcase time="0.00299999999999989" classname="desc_utils" name="filter_valid_version_will_filter_for_valid_versions"/>
    <testcase time="0.004" classname="desc_utils" name="filter_valid_version_will_filter_for_valid_versions"/>
    <testcase time="0.00300000000000011" classname="desc_utils" name="filter_valid_version_will_filter_for_valid_versions"/>
    <testcase time="0.00299999999999989" classname="desc_utils" name="filter_valid_version_will_filter_for_valid_versions"/>
    <testcase time="0.00299999999999989" classname="desc_utils" name="filter_valid_version_will_filter_for_valid_versions"/>
    <testcase time="0.004" classname="desc_utils" name="filter_valid_version_will_filter_for_valid_versions"/>
    <testcase time="0.00300000000000011" classname="desc_utils" name="filter_valid_version_will_filter_for_valid_versions"/>
    <testcase time="0.00600000000000001" classname="desc_utils" name="filter_valid_version_will_filter_for_valid_versions"/>
    <testcase time="0.0069999999999999" classname="desc_utils" name="check_valid_version_will_return_vector_of_logicals"/>
    <testcase time="0.00300000000000011" classname="desc_utils" name="check_valid_version_will_return_vector_of_logicals"/>
    <testcase time="0.004" classname="desc_utils" name="check_valid_version_will_return_vector_of_logicals"/>
    <testcase time="0.0069999999999999" classname="desc_utils" name="check_valid_version_will_return_vector_of_logicals"/>
    <testcase time="0.00500000000000012" classname="desc_utils" name="check_valid_version_will_return_vector_of_logicals"/>
    <testcase time="0.004" classname="desc_utils" name="check_valid_version_will_return_vector_of_logicals"/>
    <testcase time="0.044" classname="desc_utils" name="desc_remotes_cleanup_will_replace_remotes_with_tag"/>
    <testcase time="0.00099999999999989" classname="desc_utils" name="desc_remotes_cleanup_will_replace_remotes_with_tag"/>
    <testcase time="0.00600000000000001" classname="desc_utils" name="desc_remotes_cleanup_will_replace_remotes_with_tag"/>
    <testcase time="0.0210000000000001" classname="desc_utils" name="desc_remotes_cleanup_will_remove_Config_Needs_verdepcheck_s_CRAN_reference_from_remotes"/>
    <testcase time="0.00099999999999989" classname="desc_utils" name="desc_remotes_cleanup_will_remove_Config_Needs_verdepcheck_s_CRAN_reference_from_remotes"/>
    <testcase time="0.00100000000000011" classname="desc_utils" name="desc_remotes_cleanup_will_remove_Config_Needs_verdepcheck_s_CRAN_reference_from_remotes"/>
    <testcase time="0.00499999999999989" classname="desc_utils" name="desc_remotes_cleanup_will_remove_Config_Needs_verdepcheck_s_CRAN_reference_from_remotes"/>
    <testcase time="0.00600000000000001" classname="desc_utils" name="desc_remotes_cleanup_will_remove_Config_Needs_verdepcheck_s_CRAN_reference_from_remotes"/>
    <testcase time="0.00499999999999989" classname="desc_utils" name="desc_remotes_cleanup_will_remove_Config_Needs_verdepcheck_s_CRAN_reference_from_remotes"/>
    <testcase time="0.0230000000000001" classname="desc_utils" name="desc_remotes_cleanup_will_add_all_Config_Needs_verdepcheck_GH_entries_to_remotes"/>
    <testcase time="0.00099999999999989" classname="desc_utils" name="desc_remotes_cleanup_will_add_all_Config_Needs_verdepcheck_GH_entries_to_remotes"/>
    <testcase time="0.002" classname="desc_utils" name="desc_remotes_cleanup_will_add_all_Config_Needs_verdepcheck_GH_entries_to_remotes"/>
    <testcase time="0.00100000000000011" classname="desc_utils" name="desc_remotes_cleanup_will_add_all_Config_Needs_verdepcheck_GH_entries_to_remotes"/>
    <testcase time="0.0169999999999999" classname="desc_utils" name="desc_remotes_cleanup_accepts_no_Config_Need_verdepcheck"/>
    <testcase time="0.00100000000000011" classname="desc_utils" name="desc_remotes_cleanup_accepts_no_Config_Need_verdepcheck"/>
    <testcase time="0.002" classname="desc_utils" name="desc_remotes_cleanup_accepts_no_Config_Need_verdepcheck"/>
    <testcase time="0.00099999999999989" classname="desc_utils" name="desc_remotes_cleanup_accepts_no_Config_Need_verdepcheck"/>
    <testcase time="0.00100000000000011" classname="desc_utils" name="desc_remotes_cleanup_accepts_no_Config_Need_verdepcheck"/>
    <testcase time="0.02" classname="desc_utils" name="get_desc_field_pkgs_allows_for_no_Config_Needs_verdepcheck"/>
  </testsuite>
  <testsuite name="get_ref" timestamp="2024-05-23T13:09:18Z" hostname="aa8d1bd87c86" tests="10" skipped="7" failures="0" errors="0" time="0.224">
    <testcase time="0.028" classname="get_ref" name="get_release_date.remote_ref_github_will_only_retrieve_1_date_for_teal_v0.10.0">
      <skipped message="Reason: No internet connection ('test-get_ref.R:2:3')"/>
    </testcase>
    <testcase time="0.0249999999999999" classname="get_ref" name="get_release_date.remote_ref_github_will_only_retrieve_1_date_for_rlang_1.0.0">
      <skipped message="Reason: No internet connection ('test-get_ref.R:15:3')"/>
    </testcase>
    <testcase time="0.05" classname="get_ref" name="get_release_date.remote_ref_github_will_retrieve_missing_date_NA_for_r_lib_rlang_v0.0.0">
      <skipped message="Reason: No internet connection ('test-get_ref.R:28:3')"/>
    </testcase>
    <testcase time="0.0269999999999999" classname="get_ref" name="get_release_date.remote_ref_cran_will_retrieve_missing_date_NA_for_package.does.not.exist_1.1.0">
      <skipped message="Reason: No internet connection ('test-get_ref.R:41:3')"/>
    </testcase>
    <testcase time="0.016" classname="get_ref" name="get_release_date_with_any_class_other_than_remote_ref._github_cran_standard_returns_missing"/>
    <testcase time="0.00300000000000011" classname="get_ref" name="get_release_date_with_any_class_other_than_remote_ref._github_cran_standard_returns_missing"/>
    <testcase time="0.002" classname="get_ref" name="get_release_date_with_any_class_other_than_remote_ref._github_cran_standard_returns_missing"/>
    <testcase time="0.0169999999999999" classname="get_ref" name="get_release_data_returns_date_for_Bioconductor">
      <skipped message="Reason: No internet connection ('test-get_ref.R:66:3')"/>
    </testcase>
    <testcase time="0.03" classname="get_ref" name="get_ref_release_returns_a_CRAN_remote_reference_if_package_exists">
      <skipped message="Reason: No internet connection ('test-get_ref.R:72:3')"/>
    </testcase>
    <testcase time="0.026" classname="get_ref" name="get_ref_release_returns_a_CRAN_remote_reference_if_package_exists">
      <skipped message="Reason: No internet connection ('test-get_ref.R:90:3')"/>
    </testcase>
  </testsuite>
  <testsuite name="utils" timestamp="2024-05-23T13:09:19Z" hostname="aa8d1bd87c86" tests="28" skipped="1" failures="0" errors="0" time="0.656">
    <testcase time="0.0289999999999999" classname="utils" name="local_description_will_create_a_valid_DESCRIPTION_file"/>
    <testcase time="0.00500000000000012" classname="utils" name="local_description_will_create_a_valid_DESCRIPTION_file"/>
    <testcase time="0.004" classname="utils" name="local_description_will_create_a_valid_DESCRIPTION_file"/>
    <testcase time="0.00499999999999989" classname="utils" name="local_description_will_create_a_valid_DESCRIPTION_file"/>
    <testcase time="0.004" classname="utils" name="local_description_will_create_a_valid_DESCRIPTION_file"/>
    <testcase time="0.016" classname="utils" name="local_description_will_create_a_valid_DESCRIPTION_file_with_Remotes"/>
    <testcase time="0.00500000000000012" classname="utils" name="local_description_will_create_a_valid_DESCRIPTION_file_with_Remotes"/>
    <testcase time="0.00299999999999989" classname="utils" name="local_description_will_create_a_valid_DESCRIPTION_file_with_Remotes"/>
    <testcase time="0.00300000000000011" classname="utils" name="local_description_will_create_a_valid_DESCRIPTION_file_with_Remotes"/>
    <testcase time="0.00299999999999989" classname="utils" name="local_description_will_create_a_valid_DESCRIPTION_file_with_Remotes"/>
    <testcase time="0.004" classname="utils" name="local_description_will_create_a_valid_DESCRIPTION_file_with_Remotes"/>
    <testcase time="0.004" classname="utils" name="local_description_will_create_a_valid_DESCRIPTION_file_with_Remotes"/>
    <testcase time="0.00299999999999989" classname="utils" name="local_description_will_create_a_valid_DESCRIPTION_file_with_Remotes"/>
    <testcase time="0.00100000000000011" classname="utils" name="local_description_will_create_a_valid_DESCRIPTION_file_with_Remotes"/>
    <testcase time="0.0129999999999999" classname="utils" name="local_description_will_create_a_valid_DESCRIPTION_file_with_Config_Need_verdepcheck"/>
    <testcase time="0.004" classname="utils" name="local_description_will_create_a_valid_DESCRIPTION_file_with_Config_Need_verdepcheck"/>
    <testcase time="0.00300000000000011" classname="utils" name="local_description_will_create_a_valid_DESCRIPTION_file_with_Config_Need_verdepcheck"/>
    <testcase time="0.00299999999999989" classname="utils" name="local_description_will_create_a_valid_DESCRIPTION_file_with_Config_Need_verdepcheck"/>
    <testcase time="0.00500000000000012" classname="utils" name="local_description_will_create_a_valid_DESCRIPTION_file_with_Config_Need_verdepcheck"/>
    <testcase time="0.004" classname="utils" name="local_description_will_create_a_valid_DESCRIPTION_file_with_Config_Need_verdepcheck"/>
    <testcase time="0.00299999999999989" classname="utils" name="local_description_will_create_a_valid_DESCRIPTION_file_with_Config_Need_verdepcheck"/>
    <testcase time="0.00300000000000011" classname="utils" name="local_description_will_create_a_valid_DESCRIPTION_file_with_Config_Need_verdepcheck"/>
    <testcase time="0.00099999999999989" classname="utils" name="local_description_will_create_a_valid_DESCRIPTION_file_with_Config_Need_verdepcheck"/>
    <testcase time="0.0110000000000001" classname="utils" name="local_description_will_create_a_temporary_file"/>
    <testcase time="0.00600000000000001" classname="utils" name="local_description_will_create_a_temporary_file"/>
    <testcase time="0.002" classname="utils" name="local_description_will_create_a_temporary_file"/>
    <testcase time="0.492" classname="utils" name="get_ppm_snapshot_by_date_will_accept_NA"/>
    <testcase time="0.0169999999999999" classname="utils" name="get_ppm_snapshot_by_date_will_accept_dates_in_the_future">
      <skipped message="Reason: No internet connection ('test-utils.R:102:3')"/>
    </testcase>
  </testsuite>
</testsuites>
